05-01-2024 10:14:34 PM - modules.loggr - INFO - Logging session started.
05-01-2024 10:14:34 PM - modules.loggr - INFO - Taskr initialized.
05-01-2024 10:14:36 PM - modules.loggr - DEBUG - `view` argument passed as user input
05-01-2024 10:14:40 PM - modules.loggr - DEBUG - `new task` argument passed as user input
05-01-2024 10:15:08 PM - modules.loggr - INFO - Logging session closed.
05-01-2024 10:16:16 PM - modules.loggr - INFO - Logging session started.
05-01-2024 10:16:16 PM - modules.loggr - INFO - Taskr initialized.
05-01-2024 10:16:18 PM - modules.loggr - DEBUG - `view` argument passed as user input
05-01-2024 10:16:19 PM - modules.loggr - DEBUG - `new task` argument passed as user input
05-01-2024 10:16:37 PM - modules.loggr - INFO - Logging session closed.
05-01-2024 10:16:37 PM - modules.loggr - INFO - Logging session started.
05-01-2024 10:16:37 PM - modules.loggr - INFO - Taskr initialized.
05-01-2024 10:56:34 PM - modules.loggr - INFO - Logging session closed.
05-01-2024 10:56:36 PM - modules.loggr - INFO - Logging session started.
05-01-2024 10:56:36 PM - modules.loggr - INFO - Taskr initialized.
05-01-2024 10:57:07 PM - modules.loggr - DEBUG - `view` argument passed as user input
05-01-2024 10:57:09 PM - modules.loggr - DEBUG - `view` argument passed as user input
05-01-2024 10:57:09 PM - modules.loggr - INFO - Logging session closed.
05-01-2024 10:57:09 PM - modules.loggr - INFO - Logging session started.
05-01-2024 10:57:09 PM - modules.loggr - INFO - Taskr initialized.
05-01-2024 10:57:13 PM - modules.loggr - INFO - Logging session closed.
05-01-2024 10:57:44 PM - modules.loggr - INFO - Logging session started.
05-01-2024 10:57:44 PM - modules.loggr - INFO - Taskr initialized.
05-01-2024 10:57:48 PM - modules.loggr - DEBUG - `new task` argument passed as user input
05-01-2024 10:57:59 PM - modules.loggr - INFO - Logging session closed.
05-01-2024 10:57:59 PM - modules.loggr - INFO - Logging session started.
05-01-2024 10:57:59 PM - modules.loggr - INFO - Taskr initialized.
05-01-2024 10:58:06 PM - modules.loggr - INFO - Logging session closed.
05-01-2024 10:58:08 PM - modules.loggr - INFO - Logging session started.
05-01-2024 10:58:08 PM - modules.loggr - INFO - Taskr initialized.
05-01-2024 10:58:10 PM - modules.loggr - DEBUG - `view` argument passed as user input
05-01-2024 10:58:12 PM - modules.loggr - INFO - Logging session closed.
05-01-2024 10:58:12 PM - modules.loggr - INFO - Logging session started.
05-01-2024 10:58:12 PM - modules.loggr - INFO - Taskr initialized.
05-01-2024 10:58:15 PM - modules.loggr - INFO - Logging session closed.
05-01-2024 10:58:37 PM - modules.loggr - INFO - Logging session started.
05-01-2024 10:58:37 PM - modules.loggr - INFO - Taskr initialized.
05-01-2024 10:58:38 PM - modules.loggr - DEBUG - `view` argument passed as user input
05-01-2024 10:58:41 PM - modules.loggr - DEBUG - `new task` argument passed as user input
05-01-2024 10:59:00 PM - modules.loggr - INFO - Logging session closed.
05-01-2024 10:59:12 PM - modules.loggr - INFO - Logging session started.
05-01-2024 10:59:12 PM - modules.loggr - INFO - Taskr initialized.
05-01-2024 10:59:14 PM - modules.loggr - DEBUG - `view` argument passed as user input
05-01-2024 10:59:15 PM - modules.loggr - INFO - Logging session closed.
05-01-2024 11:00:02 PM - modules.loggr - INFO - Logging session started.
05-01-2024 11:00:02 PM - modules.loggr - INFO - Taskr initialized.
05-01-2024 11:00:05 PM - modules.loggr - DEBUG - `new task` argument passed as user input
05-01-2024 11:00:22 PM - modules.loggr - DEBUG - `view` argument passed as user input
05-01-2024 11:00:22 PM - modules.loggr - INFO - Logging session closed.
05-01-2024 11:00:25 PM - modules.loggr - INFO - Logging session started.
05-01-2024 11:00:25 PM - modules.loggr - INFO - Taskr initialized.
05-01-2024 11:00:27 PM - modules.loggr - DEBUG - `view` argument passed as user input
05-01-2024 11:00:28 PM - modules.loggr - INFO - Logging session closed.
05-01-2024 11:01:43 PM - modules.loggr - INFO - Logging session started.
05-01-2024 11:01:43 PM - modules.loggr - INFO - Taskr initialized.
05-01-2024 11:01:46 PM - modules.loggr - DEBUG - `new task` argument passed as user input
05-01-2024 11:01:55 PM - modules.loggr - DEBUG - `view` argument passed as user input
05-01-2024 11:01:55 PM - modules.loggr - INFO - Logging session closed.
05-01-2024 11:06:01 PM - modules.loggr - INFO - Logging session started.
05-01-2024 11:06:01 PM - modules.loggr - INFO - Taskr initialized.
05-01-2024 11:06:03 PM - modules.loggr - DEBUG - `view` argument passed as user input
05-01-2024 11:06:04 PM - modules.loggr - DEBUG - `new task` argument passed as user input
05-01-2024 11:06:11 PM - modules.loggr - ERROR - Task 0 could not be added.
05-01-2024 11:06:11 PM - modules.loggr - INFO - Logging session closed.
05-01-2024 11:06:13 PM - modules.loggr - INFO - Logging session started.
05-01-2024 11:06:13 PM - modules.loggr - INFO - Taskr initialized.
05-01-2024 11:06:14 PM - modules.loggr - DEBUG - `view` argument passed as user input
05-01-2024 11:06:15 PM - modules.loggr - INFO - Logging session closed.
05-01-2024 11:07:05 PM - modules.loggr - INFO - Logging session started.
05-01-2024 11:07:05 PM - modules.loggr - INFO - Taskr initialized.
05-01-2024 11:07:13 PM - modules.loggr - INFO - Logging session closed.
05-01-2024 11:07:25 PM - modules.loggr - INFO - Logging session started.
05-01-2024 11:07:25 PM - modules.loggr - INFO - Taskr initialized.
05-01-2024 11:07:36 PM - modules.loggr - ERROR - Task 0 could not be added.
05-01-2024 11:07:40 PM - modules.loggr - INFO - Taskr closed.
05-01-2024 11:07:42 PM - modules.loggr - INFO - Taskr closed.
05-01-2024 11:07:42 PM - modules.loggr - INFO - Logging session closed.
05-01-2024 11:08:13 PM - modules.loggr - INFO - Logging session started.
05-01-2024 11:08:13 PM - modules.loggr - INFO - Taskr initialized.
05-01-2024 11:08:13 PM - modules.loggr - INFO - Taskr closed.
05-01-2024 11:08:14 PM - modules.loggr - INFO - Taskr closed.
05-01-2024 11:08:14 PM - modules.loggr - INFO - Logging session closed.
05-01-2024 11:08:15 PM - modules.loggr - INFO - Logging session started.
05-01-2024 11:08:15 PM - modules.loggr - INFO - Taskr initialized.
05-01-2024 11:08:16 PM - modules.loggr - INFO - Taskr closed.
05-01-2024 11:08:19 PM - modules.loggr - INFO - Taskr closed.
05-01-2024 11:08:19 PM - modules.loggr - INFO - Logging session closed.
05-01-2024 11:08:52 PM - modules.loggr - INFO - Logging session started.
05-01-2024 11:08:52 PM - modules.loggr - INFO - Taskr initialized.
05-01-2024 11:09:00 PM - modules.loggr - ERROR - Task 0 could not be added.
05-01-2024 11:09:00 PM - modules.loggr - INFO - Logging session closed.
05-01-2024 11:09:14 PM - modules.loggr - INFO - Logging session started.
05-01-2024 11:09:14 PM - modules.loggr - INFO - Taskr initialized.
05-01-2024 11:09:23 PM - modules.loggr - ERROR - Task 0 could not be added.
05-01-2024 11:09:23 PM - modules.loggr - INFO - Logging session closed.
05-01-2024 11:09:39 PM - modules.loggr - INFO - Logging session started.
05-01-2024 11:09:39 PM - modules.loggr - INFO - Taskr initialized.
05-01-2024 11:09:49 PM - modules.loggr - ERROR - Task 0 could not be added.
05-01-2024 11:10:56 PM - modules.loggr - INFO - Taskr closed.
05-01-2024 11:10:56 PM - modules.loggr - INFO - Taskr closed.
05-01-2024 11:10:56 PM - modules.loggr - INFO - Logging session closed.
05-01-2024 11:10:57 PM - modules.loggr - INFO - Logging session started.
05-01-2024 11:10:57 PM - modules.loggr - INFO - Taskr initialized.
05-01-2024 11:11:03 PM - modules.loggr - INFO - Logging session closed.
05-01-2024 11:11:19 PM - modules.loggr - INFO - Logging session started.
05-01-2024 11:11:19 PM - modules.loggr - INFO - Taskr initialized.
05-01-2024 11:11:29 PM - modules.loggr - ERROR - Task 0 could not be added.
05-01-2024 11:12:06 PM - modules.loggr - INFO - Taskr closed.
05-01-2024 11:12:07 PM - modules.loggr - INFO - Taskr closed.
05-01-2024 11:12:07 PM - modules.loggr - INFO - Logging session closed.
05-01-2024 11:12:08 PM - modules.loggr - INFO - Logging session started.
05-01-2024 11:12:08 PM - modules.loggr - INFO - Taskr initialized.
05-01-2024 11:12:18 PM - modules.loggr - ERROR - Task 0 could not be added.
05-01-2024 11:12:52 PM - modules.loggr - INFO - Taskr closed.
05-01-2024 11:12:52 PM - modules.loggr - INFO - Taskr closed.
05-01-2024 11:12:52 PM - modules.loggr - INFO - Logging session closed.
05-01-2024 11:12:53 PM - modules.loggr - INFO - Logging session started.
05-01-2024 11:12:53 PM - modules.loggr - INFO - Taskr initialized.
05-01-2024 11:13:03 PM - modules.loggr - ERROR - Task 0 could not be added.
05-01-2024 11:13:54 PM - modules.loggr - INFO - Taskr closed.
05-01-2024 11:13:54 PM - modules.loggr - INFO - Taskr closed.
05-01-2024 11:13:54 PM - modules.loggr - INFO - Logging session closed.
05-01-2024 11:13:56 PM - modules.loggr - INFO - Logging session started.
05-01-2024 11:13:56 PM - modules.loggr - INFO - Taskr initialized.
05-01-2024 11:14:07 PM - modules.loggr - ERROR - Task 0 could not be added.
05-01-2024 11:14:16 PM - modules.loggr - INFO - Taskr closed.
05-01-2024 11:14:16 PM - modules.loggr - INFO - Taskr closed.
05-01-2024 11:14:16 PM - modules.loggr - INFO - Logging session closed.
05-01-2024 11:15:59 PM - modules.loggr - INFO - Logging session started.
05-01-2024 11:15:59 PM - modules.loggr - INFO - Taskr initialized.
05-01-2024 11:16:01 PM - modules.loggr - INFO - Logging session closed.
05-01-2024 11:16:06 PM - modules.loggr - INFO - Logging session started.
05-01-2024 11:16:06 PM - modules.loggr - INFO - Taskr initialized.
05-01-2024 11:16:08 PM - modules.loggr - INFO - Logging session closed.
05-01-2024 11:16:37 PM - modules.loggr - INFO - Logging session started.
05-01-2024 11:16:37 PM - modules.loggr - INFO - Taskr initialized.
05-01-2024 11:16:47 PM - modules.loggr - INFO - Logging session closed.
05-01-2024 11:18:07 PM - modules.loggr - INFO - Logging session started.
05-01-2024 11:18:07 PM - modules.loggr - INFO - Taskr initialized.
05-01-2024 11:18:20 PM - modules.loggr - INFO - Logging session closed.
05-01-2024 11:18:56 PM - modules.loggr - INFO - Logging session started.
05-01-2024 11:18:56 PM - modules.loggr - INFO - Taskr initialized.
05-01-2024 11:19:05 PM - modules.loggr - ERROR - Task 0 could not be added.
05-01-2024 11:19:15 PM - modules.loggr - INFO - Taskr closed.
05-01-2024 11:19:15 PM - modules.loggr - INFO - Taskr closed.
05-01-2024 11:19:15 PM - modules.loggr - INFO - Logging session closed.
05-01-2024 11:33:34 PM - modules.loggr - INFO - Logging session started.
05-01-2024 11:33:34 PM - modules.loggr - INFO - Taskr initialized.
05-01-2024 11:33:35 PM - modules.loggr - INFO - Logging session closed.
05-01-2024 11:34:06 PM - modules.loggr - INFO - Logging session started.
05-01-2024 11:34:06 PM - modules.loggr - INFO - Taskr initialized.
05-01-2024 11:34:07 PM - modules.loggr - INFO - Logging session closed.
05-01-2024 11:34:23 PM - modules.loggr - INFO - Logging session started.
05-01-2024 11:34:23 PM - modules.loggr - INFO - Taskr initialized.
05-01-2024 11:34:24 PM - modules.loggr - DEBUG - Tasks viewed.
05-01-2024 11:35:10 PM - modules.loggr - INFO - Taskr closed.
05-01-2024 11:35:12 PM - modules.loggr - INFO - Taskr closed.
05-01-2024 11:35:12 PM - modules.loggr - INFO - Logging session closed.
05-01-2024 11:35:13 PM - modules.loggr - INFO - Logging session started.
05-01-2024 11:35:13 PM - modules.loggr - INFO - Taskr initialized.
05-01-2024 11:35:14 PM - modules.loggr - DEBUG - Tasks viewed.
05-01-2024 11:35:41 PM - modules.loggr - ERROR - Task 0 could not be added.
05-01-2024 11:35:44 PM - modules.loggr - DEBUG - Tasks viewed.
05-02-2024 03:40:46 AM - modules.loggr - INFO - Taskr closed.
05-02-2024 03:40:47 AM - modules.loggr - INFO - Taskr closed.
05-02-2024 03:40:47 AM - modules.loggr - INFO - Logging session closed.
05-04-2024 06:13:59 PM - modules.loggr - INFO - Logging session started.
05-04-2024 06:13:59 PM - modules.loggr - INFO - Taskr initialized.
05-04-2024 06:14:02 PM - modules.loggr - DEBUG - Tasks viewed.
05-04-2024 06:14:22 PM - modules.loggr - INFO - Taskr closed.
05-04-2024 06:14:22 PM - modules.loggr - INFO - Taskr closed.
05-04-2024 06:14:22 PM - modules.loggr - INFO - Logging session closed.
05-04-2024 06:14:54 PM - modules.loggr - INFO - Logging session started.
05-04-2024 06:14:54 PM - modules.loggr - INFO - Taskr initialized.
05-04-2024 06:14:57 PM - modules.loggr - DEBUG - Tasks viewed.
05-04-2024 06:15:51 PM - modules.loggr - INFO - Logging session closed.
05-04-2024 06:16:50 PM - modules.loggr - INFO - Logging session started.
05-04-2024 06:16:50 PM - modules.loggr - INFO - Taskr initialized.
05-04-2024 06:16:54 PM - modules.loggr - DEBUG - Tasks viewed.
05-04-2024 06:17:14 PM - modules.loggr - ERROR - Task 0 could not be added.
05-04-2024 06:17:32 PM - modules.loggr - INFO - Taskr closed.
05-04-2024 06:17:34 PM - modules.loggr - INFO - Taskr closed.
05-04-2024 06:17:34 PM - modules.loggr - INFO - Logging session closed.
05-04-2024 06:18:14 PM - modules.loggr - INFO - Logging session started.
05-04-2024 06:18:14 PM - modules.loggr - INFO - Taskr initialized.
05-04-2024 06:18:16 PM - modules.loggr - DEBUG - Tasks viewed.
05-04-2024 06:21:14 PM - modules.loggr - ERROR - Task 1 could not be added.
05-04-2024 06:21:18 PM - modules.loggr - DEBUG - Tasks viewed.
05-04-2024 06:21:59 PM - modules.loggr - ERROR - Task 2 could not be added.
05-04-2024 06:22:35 PM - modules.loggr - ERROR - Task 3 could not be added.
05-04-2024 06:35:19 PM - modules.loggr - ERROR - Task 4 could not be added.
05-04-2024 06:37:44 PM - modules.loggr - ERROR - Task 5 could not be added.
05-04-2024 06:38:57 PM - modules.loggr - ERROR - Task 6 could not be added.
05-04-2024 06:40:04 PM - modules.loggr - ERROR - Task 7 could not be added.
05-04-2024 06:40:50 PM - modules.loggr - ERROR - Task 8 could not be added.
05-04-2024 06:42:21 PM - modules.loggr - ERROR - Task 9 could not be added.
05-04-2024 06:42:45 PM - modules.loggr - ERROR - Task 10 could not be added.
05-04-2024 06:43:09 PM - modules.loggr - DEBUG - Tasks viewed.
05-04-2024 06:43:22 PM - modules.loggr - INFO - Taskr closed.
05-04-2024 06:43:23 PM - modules.loggr - INFO - Taskr closed.
05-04-2024 06:43:23 PM - modules.loggr - INFO - Logging session closed.
05-04-2024 08:16:31 PM - modules.loggr - INFO - Logging session started.
05-04-2024 08:16:31 PM - modules.loggr - INFO - Taskr initialized.
05-04-2024 08:16:34 PM - modules.loggr - DEBUG - Tasks viewed.
05-04-2024 08:16:37 PM - modules.loggr - DEBUG - Tasks generated in '.md' format at 04-05-24 20:16:37 (file::`tasks.md`)
05-04-2024 08:16:40 PM - modules.loggr - INFO - Taskr closed.
05-04-2024 08:16:40 PM - modules.loggr - INFO - Taskr closed.
05-04-2024 08:16:40 PM - modules.loggr - INFO - Logging session closed.
05-04-2024 08:19:04 PM - modules.loggr - INFO - Logging session started.
05-04-2024 08:19:04 PM - modules.loggr - INFO - Taskr initialized.
05-04-2024 08:19:07 PM - modules.loggr - DEBUG - Tasks generated in '.md' format at 04-05-24 20:19:07 (file::`tasks.md`)
05-04-2024 08:19:48 PM - modules.loggr - INFO - Logging session started.
05-04-2024 08:19:48 PM - modules.loggr - INFO - Taskr initialized.
05-04-2024 08:19:52 PM - modules.loggr - DEBUG - Tasks generated in '.md' format at 04-05-24 20:19:52 (file::`tasks.md`)
05-04-2024 08:19:53 PM - modules.loggr - INFO - Taskr closed.
05-04-2024 08:19:53 PM - modules.loggr - INFO - Taskr closed.
05-04-2024 08:19:53 PM - modules.loggr - INFO - Logging session closed.
05-10-2024 09:50:24 PM - modules.loggr - INFO - Logging session started.
05-10-2024 09:50:24 PM - modules.loggr - INFO - Taskr initialized.
05-10-2024 09:50:28 PM - modules.loggr - DEBUG - Tasks viewed.
05-10-2024 09:50:31 PM - modules.loggr - DEBUG - Tasks generated in '.md' format at 10-05-24 21:50:31 (file::`tasks.md`)
05-10-2024 09:50:33 PM - modules.loggr - INFO - Taskr closed.
05-10-2024 09:50:33 PM - modules.loggr - INFO - Taskr closed.
05-10-2024 09:50:33 PM - modules.loggr - INFO - Logging session closed.
05-10-2024 09:53:41 PM - modules.loggr - INFO - Logging session started.
05-10-2024 09:53:41 PM - modules.loggr - INFO - Taskr initialized.
05-10-2024 09:53:43 PM - modules.loggr - DEBUG - Tasks generated in '.md' format at 10-05-24 21:53:43 (file::`tasks.md`)
05-10-2024 09:53:44 PM - modules.loggr - INFO - Taskr closed.
05-10-2024 09:53:44 PM - modules.loggr - INFO - Taskr closed.
05-10-2024 09:53:44 PM - modules.loggr - INFO - Logging session closed.
05-10-2024 09:56:32 PM - modules.loggr - INFO - Logging session started.
05-10-2024 09:56:32 PM - modules.loggr - INFO - Taskr initialized.
05-10-2024 09:56:35 PM - modules.loggr - DEBUG - Tasks generated in '.md' format at 10-05-24 21:56:35 (file::`tasks.md`)
05-10-2024 09:56:35 PM - modules.loggr - INFO - Taskr closed.
05-10-2024 09:56:36 PM - modules.loggr - INFO - Taskr closed.
05-10-2024 09:56:36 PM - modules.loggr - INFO - Logging session closed.
05-10-2024 09:56:52 PM - modules.loggr - INFO - Logging session started.
05-10-2024 09:56:52 PM - modules.loggr - INFO - Taskr initialized.
05-10-2024 09:57:30 PM - modules.loggr - INFO - Logging session closed.
05-10-2024 09:57:39 PM - modules.loggr - INFO - Logging session started.
05-10-2024 09:57:39 PM - modules.loggr - INFO - Taskr initialized.
05-10-2024 09:57:54 PM - modules.loggr - INFO - Logging session closed.
05-10-2024 09:58:09 PM - modules.loggr - INFO - Logging session started.
05-10-2024 09:58:09 PM - modules.loggr - INFO - Taskr initialized.
05-10-2024 09:58:56 PM - modules.loggr - INFO - Logging session closed.
05-10-2024 10:14:04 PM - modules.loggr - INFO - Logging session started.
05-10-2024 10:14:04 PM - modules.loggr - INFO - Taskr initialized.
05-10-2024 10:14:46 PM - modules.loggr - ERROR - Task 11 could not be added.
05-10-2024 10:14:56 PM - modules.loggr - INFO - Logging session closed.
05-10-2024 10:16:29 PM - modules.loggr - INFO - Logging session started.
05-10-2024 10:16:29 PM - modules.loggr - INFO - Taskr initialized.
05-10-2024 10:16:33 PM - modules.loggr - DEBUG - Tasks viewed.
05-10-2024 10:16:44 PM - modules.loggr - DEBUG - Tasks viewed.
05-10-2024 10:17:16 PM - modules.loggr - ERROR - Task 11 could not be added.
05-10-2024 10:17:19 PM - modules.loggr - DEBUG - Tasks viewed.
05-10-2024 10:18:29 PM - modules.loggr - INFO - Logging session started.
05-10-2024 10:18:29 PM - modules.loggr - INFO - Taskr initialized.
05-10-2024 10:18:34 PM - modules.loggr - DEBUG - Tasks viewed.
05-10-2024 10:19:07 PM - modules.loggr - ERROR - Task 0 could not be added.
05-10-2024 10:19:14 PM - modules.loggr - DEBUG - Tasks generated in '.md' format at 10-05-24 22:19:14 (file::`tasks.md`)
05-10-2024 10:19:16 PM - modules.loggr - DEBUG - Tasks viewed.
05-10-2024 10:24:16 PM - modules.loggr - INFO - Logging session started.
05-10-2024 10:24:16 PM - modules.loggr - INFO - Taskr initialized.
05-10-2024 10:24:18 PM - modules.loggr - DEBUG - Tasks viewed.
05-10-2024 10:24:23 PM - modules.loggr - DEBUG - Tasks generated in '.md' format at 10-05-24 22:24:23 (file::`tasks.md`)
05-10-2024 10:24:42 PM - modules.loggr - DEBUG - Tasks generated in '.md' format at 10-05-24 22:24:42 (file::`tasks.md`)
05-10-2024 10:25:24 PM - modules.loggr - ERROR - Task 0 could not be added.
05-10-2024 10:25:26 PM - modules.loggr - DEBUG - Tasks viewed.
05-10-2024 10:25:35 PM - modules.loggr - DEBUG - Tasks viewed.
05-10-2024 10:25:37 PM - modules.loggr - DEBUG - Tasks generated in '.md' format at 10-05-24 22:25:37 (file::`tasks.md`)
05-10-2024 10:26:52 PM - modules.loggr - ERROR - Task 1 could not be added.
05-10-2024 10:26:54 PM - modules.loggr - DEBUG - Tasks viewed.
05-10-2024 10:26:57 PM - modules.loggr - DEBUG - Tasks generated in '.md' format at 10-05-24 22:26:57 (file::`tasks.md`)
05-10-2024 10:26:57 PM - modules.loggr - INFO - Taskr closed.
05-10-2024 10:26:58 PM - modules.loggr - INFO - Taskr closed.
05-10-2024 10:26:58 PM - modules.loggr - INFO - Logging session closed.
05-10-2024 10:29:33 PM - modules.loggr - INFO - Logging session started.
05-10-2024 10:29:33 PM - modules.loggr - INFO - Taskr initialized.
05-10-2024 10:29:38 PM - modules.loggr - DEBUG - Tasks viewed.
05-10-2024 10:29:40 PM - modules.loggr - DEBUG - Tasks generated in '.md' format at 10-05-24 22:29:40 (file::`tasks.md`)
05-10-2024 10:29:43 PM - modules.loggr - INFO - Taskr closed.
05-10-2024 10:29:43 PM - modules.loggr - INFO - Taskr closed.
05-10-2024 10:29:43 PM - modules.loggr - INFO - Logging session closed.
